# JRE version: OpenJDK Runtime Environment Microsoft-11369940 (21.0.7+6) (build 21.0.7+6-LTS)
# Java VM: OpenJDK 64-Bit Server VM Microsoft-11369940 (21.0.7+6-LTS, mixed mode, tiered, compressed oops, compressed class ptrs, g1 gc, windows-amd64)
GC Precious Log:
 CardTable entry size: 512
 Card Set container configuration: InlinePtr #cards 3 size 8 Array Of Cards #cards 256 size 528 Howl #buckets 8 coarsen threshold 58982 Howl Bitmap #cards 8192 size 1040 coarsen threshold 7372 Card regions per heap region 1 cards per card region 65536
 CPUs: 12 total, 12 available
 Memory: 16251M
 Large Page Support: Disabled
 NUMA Support: Disabled
 Compressed Oops: Enabled (32-bit)
 Heap Region Size: 32M
 Heap Min Capacity: 32M
 Heap Initial Capacity: 256M
 Heap Max Capacity: 2G
 Pre-touch: Disabled
 Parallel Workers: 10
 Concurrent Workers: 3
 Concurrent Refinement Workers: 10
 Periodic GC: Disabled
Heap:
 garbage-first heap   total 819200K, used 633102K [0x0000000080000000, 0x0000000100000000)
  region size 32768K, 8 young (262144K), 1 survivors (32768K)
 Metaspace       used 173246K, committed 174784K, reserved 1245184K
  class space    used 23953K, committed 24640K, reserved 1048576K
GC Heap History (20 events):
Event: 253.638 GC heap before
{Heap before GC invocations=146 (full 0):
 garbage-first heap   total 819200K, used 684760K [0x0000000080000000, 0x0000000100000000)
  region size 32768K, 8 young (262144K), 1 survivors (32768K)
 Metaspace       used 172719K, committed 174272K, reserved 1245184K
  class space    used 23902K, committed 24576K, reserved 1048576K
}
Event: 253.640 GC heap after
{Heap after GC invocations=147 (full 0):
 garbage-first heap   total 819200K, used 454938K [0x0000000080000000, 0x0000000100000000)
  region size 32768K, 1 young (32768K), 1 survivors (32768K)
 Metaspace       used 172719K, committed 174272K, reserved 1245184K
  class space    used 23902K, committed 24576K, reserved 1048576K
}
Event: 258.303 GC heap before
{Heap before GC invocations=147 (full 0):
 garbage-first heap   total 819200K, used 684314K [0x0000000080000000, 0x0000000100000000)
  region size 32768K, 8 young (262144K), 1 survivors (32768K)
 Metaspace       used 172719K, committed 174272K, reserved 1245184K
  class space    used 23902K, committed 24576K, reserved 1048576K
}
Event: 258.304 GC heap after
{Heap after GC invocations=148 (full 0):
 garbage-first heap   total 819200K, used 454893K [0x0000000080000000, 0x0000000100000000)
  region size 32768K, 1 young (32768K), 1 survivors (32768K)
 Metaspace       used 172719K, committed 174272K, reserved 1245184K
  class space    used 23902K, committed 24576K, reserved 1048576K
}
Event: 262.965 GC heap before
{Heap before GC invocations=149 (full 0):
 garbage-first heap   total 819200K, used 684269K [0x0000000080000000, 0x0000000100000000)
  region size 32768K, 8 young (262144K), 1 survivors (32768K)
 Metaspace       used 172720K, committed 174272K, reserved 1245184K
  class space    used 23902K, committed 24576K, reserved 1048576K
}
Event: 262.967 GC heap after
{Heap after GC invocations=150 (full 0):
 garbage-first heap   total 819200K, used 454913K [0x0000000080000000, 0x0000000100000000)
  region size 32768K, 1 young (32768K), 1 survivors (32768K)
 Metaspace       used 172720K, committed 174272K, reserved 1245184K
  class space    used 23902K, committed 24576K, reserved 1048576K
}
Event: 266.636 GC heap before
{Heap before GC invocations=150 (full 0):
 garbage-first heap   total 819200K, used 618753K [0x0000000080000000, 0x0000000100000000)
  region size 32768K, 7 young (229376K), 1 survivors (32768K)
 Metaspace       used 172831K, committed 174336K, reserved 1245184K
  class space    used 23914K, committed 24576K, reserved 1048576K
}
Event: 267.164 GC heap after
{Heap after GC invocations=151 (full 1):
 garbage-first heap   total 819200K, used 412921K [0x0000000080000000, 0x0000000100000000)
  region size 32768K, 0 young (0K), 0 survivors (0K)
 Metaspace       used 172831K, committed 174336K, reserved 1245184K
  class space    used 23914K, committed 24576K, reserved 1048576K
}
Event: 351.644 GC heap before
{Heap before GC invocations=151 (full 1):
 garbage-first heap   total 819200K, used 707833K [0x0000000080000000, 0x0000000100000000)
  region size 32768K, 9 young (294912K), 0 survivors (0K)
 Metaspace       used 172958K, committed 174528K, reserved 1245184K
  class space    used 23928K, committed 24640K, reserved 1048576K
}
Event: 351.646 GC heap after
{Heap after GC invocations=152 (full 1):
 garbage-first heap   total 819200K, used 413546K [0x0000000080000000, 0x0000000100000000)
  region size 32768K, 1 young (32768K), 1 survivors (32768K)
 Metaspace       used 172958K, committed 174528K, reserved 1245184K
  class space    used 23928K, committed 24640K, reserved 1048576K
}
Event: 419.605 GC heap before
{Heap before GC invocations=153 (full 1):
 garbage-first heap   total 819200K, used 642922K [0x0000000080000000, 0x0000000100000000)
  region size 32768K, 8 young (262144K), 1 survivors (32768K)
 Metaspace       used 172960K, committed 174528K, reserved 1245184K
  class space    used 23928K, committed 24640K, reserved 1048576K
}
Event: 419.607 GC heap after
{Heap after GC invocations=154 (full 1):
 garbage-first heap   total 819200K, used 413542K [0x0000000080000000, 0x0000000100000000)
  region size 32768K, 1 young (32768K), 1 survivors (32768K)
 Metaspace       used 172960K, committed 174528K, reserved 1245184K
  class space    used 23928K, committed 24640K, reserved 1048576K
}
Event: 487.466 GC heap before
{Heap before GC invocations=154 (full 1):
 garbage-first heap   total 819200K, used 642918K [0x0000000080000000, 0x0000000100000000)
  region size 32768K, 8 young (262144K), 1 survivors (32768K)
 Metaspace       used 172960K, committed 174528K, reserved 1245184K
  class space    used 23928K, committed 24640K, reserved 1048576K
}
Event: 487.471 GC heap after
{Heap after GC invocations=155 (full 1):
 garbage-first heap   total 819200K, used 413994K [0x0000000080000000, 0x0000000100000000)
  region size 32768K, 1 young (32768K), 1 survivors (32768K)
 Metaspace       used 172960K, committed 174528K, reserved 1245184K
  class space    used 23928K, committed 24640K, reserved 1048576K
}
Event: 556.281 GC heap before
{Heap before GC invocations=155 (full 1):
 garbage-first heap   total 819200K, used 643370K [0x0000000080000000, 0x0000000100000000)
  region size 32768K, 8 young (262144K), 1 survivors (32768K)
 Metaspace       used 172960K, committed 174528K, reserved 1245184K
  class space    used 23928K, committed 24640K, reserved 1048576K
}
Event: 556.283 GC heap after
{Heap after GC invocations=156 (full 1):
 garbage-first heap   total 819200K, used 414031K [0x0000000080000000, 0x0000000100000000)
  region size 32768K, 1 young (32768K), 1 survivors (32768K)
 Metaspace       used 172960K, committed 174528K, reserved 1245184K
  class space    used 23928K, committed 24640K, reserved 1048576K
}
Event: 599.935 GC heap before
{Heap before GC invocations=157 (full 1):
 garbage-first heap   total 819200K, used 643407K [0x0000000080000000, 0x0000000100000000)
  region size 32768K, 8 young (262144K), 1 survivors (32768K)
 Metaspace       used 173034K, committed 174592K, reserved 1245184K
  class space    used 23928K, committed 24640K, reserved 1048576K
}
Event: 599.941 GC heap after
{Heap after GC invocations=158 (full 1):
 garbage-first heap   total 819200K, used 417312K [0x0000000080000000, 0x0000000100000000)
  region size 32768K, 1 young (32768K), 1 survivors (32768K)
 Metaspace       used 173034K, committed 174592K, reserved 1245184K
  class space    used 23928K, committed 24640K, reserved 1048576K
}
Event: 600.578 GC heap before
{Heap before GC invocations=158 (full 1):
 garbage-first heap   total 819200K, used 646688K [0x0000000080000000, 0x0000000100000000)
  region size 32768K, 8 young (262144K), 1 survivors (32768K)
 Metaspace       used 173114K, committed 174720K, reserved 1245184K
  class space    used 23929K, committed 24640K, reserved 1048576K
}
Event: 600.600 GC heap after
{Heap after GC invocations=159 (full 1):
 garbage-first heap   total 819200K, used 436494K [0x0000000080000000, 0x0000000100000000)
  region size 32768K, 1 young (32768K), 1 survivors (32768K)
 Metaspace       used 173114K, committed 174720K, reserved 1245184K
  class space    used 23929K, committed 24640K, reserved 1048576K
}

