# JRE version: OpenJDK Runtime Environment Microsoft-11369940 (21.0.7+6) (build 21.0.7+6-LTS)
# Java VM: OpenJDK 64-Bit Server VM Microsoft-11369940 (21.0.7+6-LTS, mixed mode, tiered, compressed oops, compressed class ptrs, g1 gc, windows-amd64)
GC Precious Log:
 CardTable entry size: 512
 Card Set container configuration: InlinePtr #cards 3 size 8 Array Of Cards #cards 256 size 528 Howl #buckets 8 coarsen threshold 58982 Howl Bitmap #cards 8192 size 1040 coarsen threshold 7372 Card regions per heap region 1 cards per card region 65536
 CPUs: 12 total, 12 available
 Memory: 16251M
 Large Page Support: Disabled
 NUMA Support: Disabled
 Compressed Oops: Enabled (32-bit)
 Heap Region Size: 32M
 Heap Min Capacity: 32M
 Heap Initial Capacity: 256M
 Heap Max Capacity: 2G
 Pre-touch: Disabled
 Parallel Workers: 10
 Concurrent Workers: 3
 Concurrent Refinement Workers: 10
 Periodic GC: Disabled
Heap:
 garbage-first heap   total 819200K, used 599587K [0x0000000080000000, 0x0000000100000000)
  region size 32768K, 8 young (262144K), 1 survivors (32768K)
 Metaspace       used 173752K, committed 175616K, reserved 1245184K
  class space    used 23910K, committed 24704K, reserved 1048576K
GC Heap History (20 events):
Event: 3302.039 GC heap after
{Heap after GC invocations=1573 (full 1):
 garbage-first heap   total 819200K, used 403012K [0x0000000080000000, 0x0000000100000000)
  region size 32768K, 1 young (32768K), 1 survivors (32768K)
 Metaspace       used 173746K, committed 175616K, reserved 1245184K
  class space    used 23910K, committed 24704K, reserved 1048576K
}
Event: 3380.468 GC heap before
{Heap before GC invocations=1574 (full 1):
 garbage-first heap   total 819200K, used 665156K [0x0000000080000000, 0x0000000100000000)
  region size 32768K, 9 young (294912K), 1 survivors (32768K)
 Metaspace       used 173746K, committed 175616K, reserved 1245184K
  class space    used 23910K, committed 24704K, reserved 1048576K
}
Event: 3380.470 GC heap after
{Heap after GC invocations=1575 (full 1):
 garbage-first heap   total 819200K, used 402996K [0x0000000080000000, 0x0000000100000000)
  region size 32768K, 1 young (32768K), 1 survivors (32768K)
 Metaspace       used 173746K, committed 175616K, reserved 1245184K
  class space    used 23910K, committed 24704K, reserved 1048576K
}
Event: 3458.925 GC heap before
{Heap before GC invocations=1575 (full 1):
 garbage-first heap   total 819200K, used 665140K [0x0000000080000000, 0x0000000100000000)
  region size 32768K, 9 young (294912K), 1 survivors (32768K)
 Metaspace       used 173746K, committed 175616K, reserved 1245184K
  class space    used 23910K, committed 24704K, reserved 1048576K
}
Event: 3458.927 GC heap after
{Heap after GC invocations=1576 (full 1):
 garbage-first heap   total 819200K, used 403030K [0x0000000080000000, 0x0000000100000000)
  region size 32768K, 1 young (32768K), 1 survivors (32768K)
 Metaspace       used 173746K, committed 175616K, reserved 1245184K
  class space    used 23910K, committed 24704K, reserved 1048576K
}
Event: 3537.262 GC heap before
{Heap before GC invocations=1577 (full 1):
 garbage-first heap   total 819200K, used 665174K [0x0000000080000000, 0x0000000100000000)
  region size 32768K, 9 young (294912K), 1 survivors (32768K)
 Metaspace       used 173748K, committed 175616K, reserved 1245184K
  class space    used 23910K, committed 24704K, reserved 1048576K
}
Event: 3537.264 GC heap after
{Heap after GC invocations=1578 (full 1):
 garbage-first heap   total 819200K, used 403012K [0x0000000080000000, 0x0000000100000000)
  region size 32768K, 1 young (32768K), 1 survivors (32768K)
 Metaspace       used 173748K, committed 175616K, reserved 1245184K
  class space    used 23910K, committed 24704K, reserved 1048576K
}
Event: 3615.557 GC heap before
{Heap before GC invocations=1578 (full 1):
 garbage-first heap   total 819200K, used 665156K [0x0000000080000000, 0x0000000100000000)
  region size 32768K, 9 young (294912K), 1 survivors (32768K)
 Metaspace       used 173749K, committed 175616K, reserved 1245184K
  class space    used 23910K, committed 24704K, reserved 1048576K
}
Event: 3615.560 GC heap after
{Heap after GC invocations=1579 (full 1):
 garbage-first heap   total 819200K, used 403030K [0x0000000080000000, 0x0000000100000000)
  region size 32768K, 1 young (32768K), 1 survivors (32768K)
 Metaspace       used 173749K, committed 175616K, reserved 1245184K
  class space    used 23910K, committed 24704K, reserved 1048576K
}
Event: 3693.560 GC heap before
{Heap before GC invocations=1580 (full 1):
 garbage-first heap   total 819200K, used 665174K [0x0000000080000000, 0x0000000100000000)
  region size 32768K, 9 young (294912K), 1 survivors (32768K)
 Metaspace       used 173749K, committed 175616K, reserved 1245184K
  class space    used 23910K, committed 24704K, reserved 1048576K
}
Event: 3693.562 GC heap after
{Heap after GC invocations=1581 (full 1):
 garbage-first heap   total 819200K, used 402956K [0x0000000080000000, 0x0000000100000000)
  region size 32768K, 1 young (32768K), 1 survivors (32768K)
 Metaspace       used 173749K, committed 175616K, reserved 1245184K
  class space    used 23910K, committed 24704K, reserved 1048576K
}
Event: 3771.768 GC heap before
{Heap before GC invocations=1581 (full 1):
 garbage-first heap   total 819200K, used 665100K [0x0000000080000000, 0x0000000100000000)
  region size 32768K, 9 young (294912K), 1 survivors (32768K)
 Metaspace       used 173749K, committed 175616K, reserved 1245184K
  class space    used 23910K, committed 24704K, reserved 1048576K
}
Event: 3771.770 GC heap after
{Heap after GC invocations=1582 (full 1):
 garbage-first heap   total 819200K, used 402975K [0x0000000080000000, 0x0000000100000000)
  region size 32768K, 1 young (32768K), 1 survivors (32768K)
 Metaspace       used 173749K, committed 175616K, reserved 1245184K
  class space    used 23910K, committed 24704K, reserved 1048576K
}
Event: 3850.462 GC heap before
{Heap before GC invocations=1583 (full 1):
 garbage-first heap   total 819200K, used 665119K [0x0000000080000000, 0x0000000100000000)
  region size 32768K, 9 young (294912K), 1 survivors (32768K)
 Metaspace       used 173750K, committed 175616K, reserved 1245184K
  class space    used 23910K, committed 24704K, reserved 1048576K
}
Event: 3850.465 GC heap after
{Heap after GC invocations=1584 (full 1):
 garbage-first heap   total 819200K, used 403118K [0x0000000080000000, 0x0000000100000000)
  region size 32768K, 1 young (32768K), 1 survivors (32768K)
 Metaspace       used 173750K, committed 175616K, reserved 1245184K
  class space    used 23910K, committed 24704K, reserved 1048576K
}
Event: 3929.011 GC heap before
{Heap before GC invocations=1584 (full 1):
 garbage-first heap   total 819200K, used 665262K [0x0000000080000000, 0x0000000100000000)
  region size 32768K, 9 young (294912K), 1 survivors (32768K)
 Metaspace       used 173750K, committed 175616K, reserved 1245184K
  class space    used 23910K, committed 24704K, reserved 1048576K
}
Event: 3929.013 GC heap after
{Heap after GC invocations=1585 (full 1):
 garbage-first heap   total 819200K, used 402989K [0x0000000080000000, 0x0000000100000000)
  region size 32768K, 1 young (32768K), 1 survivors (32768K)
 Metaspace       used 173750K, committed 175616K, reserved 1245184K
  class space    used 23910K, committed 24704K, reserved 1048576K
}
Event: 4007.593 GC heap before
{Heap before GC invocations=1586 (full 1):
 garbage-first heap   total 819200K, used 665133K [0x0000000080000000, 0x0000000100000000)
  region size 32768K, 9 young (294912K), 1 survivors (32768K)
 Metaspace       used 173750K, committed 175616K, reserved 1245184K
  class space    used 23910K, committed 24704K, reserved 1048576K
}
Event: 4007.595 GC heap after
{Heap after GC invocations=1587 (full 1):
 garbage-first heap   total 819200K, used 402979K [0x0000000080000000, 0x0000000100000000)
  region size 32768K, 1 young (32768K), 1 survivors (32768K)
 Metaspace       used 173750K, committed 175616K, reserved 1245184K
  class space    used 23910K, committed 24704K, reserved 1048576K
}
Event: 4074.917 GC heap before
{Heap before GC invocations=1587 (full 1):
 garbage-first heap   total 819200K, used 599587K [0x0000000080000000, 0x0000000100000000)
  region size 32768K, 8 young (262144K), 1 survivors (32768K)
 Metaspace       used 173752K, committed 175616K, reserved 1245184K
  class space    used 23910K, committed 24704K, reserved 1048576K
}

