# JRE version: OpenJDK Runtime Environment Microsoft-11369940 (21.0.7+6) (build 21.0.7+6-LTS)
# Java VM: OpenJDK 64-Bit Server VM Microsoft-11369940 (21.0.7+6-LTS, mixed mode, tiered, compressed oops, compressed class ptrs, g1 gc, windows-amd64)
GC Precious Log:
 CardTable entry size: 512
 Card Set container configuration: InlinePtr #cards 3 size 8 Array Of Cards #cards 256 size 528 Howl #buckets 8 coarsen threshold 58982 Howl Bitmap #cards 8192 size 1040 coarsen threshold 7372 Card regions per heap region 1 cards per card region 65536
 CPUs: 12 total, 12 available
 Memory: 16251M
 Large Page Support: Disabled
 NUMA Support: Disabled
 Compressed Oops: Enabled (32-bit)
 Heap Region Size: 32M
 Heap Min Capacity: 32M
 Heap Initial Capacity: 256M
 Heap Max Capacity: 2G
 Pre-touch: Disabled
 Parallel Workers: 10
 Concurrent Workers: 3
 Concurrent Refinement Workers: 10
 Periodic GC: Disabled
Heap:
 garbage-first heap   total 950272K, used 472662K [0x0000000080000000, 0x0000000100000000)
  region size 32768K, 1 young (32768K), 0 survivors (0K)
 Metaspace       used 170612K, committed 172160K, reserved 1245184K
  class space    used 23771K, committed 24448K, reserved 1048576K
GC Heap History (20 events):
Event: 61.334 GC heap after
{Heap after GC invocations=60 (full 0):
 garbage-first heap   total 917504K, used 511171K [0x0000000080000000, 0x0000000100000000)
  region size 32768K, 1 young (32768K), 1 survivors (32768K)
 Metaspace       used 168988K, committed 170560K, reserved 1245184K
  class space    used 23621K, committed 24320K, reserved 1048576K
}
Event: 63.622 GC heap before
{Heap before GC invocations=61 (full 0):
 garbage-first heap   total 917504K, used 773315K [0x0000000080000000, 0x0000000100000000)
  region size 32768K, 9 young (294912K), 1 survivors (32768K)
 Metaspace       used 169108K, committed 170752K, reserved 1245184K
  class space    used 23608K, committed 24320K, reserved 1048576K
}
Event: 63.632 GC heap after
{Heap after GC invocations=62 (full 0):
 garbage-first heap   total 917504K, used 516917K [0x0000000080000000, 0x0000000100000000)
  region size 32768K, 1 young (32768K), 1 survivors (32768K)
 Metaspace       used 169108K, committed 170752K, reserved 1245184K
  class space    used 23608K, committed 24320K, reserved 1048576K
}
Event: 64.481 GC heap before
{Heap before GC invocations=62 (full 0):
 garbage-first heap   total 917504K, used 779061K [0x0000000080000000, 0x0000000100000000)
  region size 32768K, 9 young (294912K), 1 survivors (32768K)
 Metaspace       used 169188K, committed 170816K, reserved 1245184K
  class space    used 23608K, committed 24320K, reserved 1048576K
}
Event: 64.501 GC heap after
{Heap after GC invocations=63 (full 0):
 garbage-first heap   total 917504K, used 514623K [0x0000000080000000, 0x0000000100000000)
  region size 32768K, 2 young (65536K), 2 survivors (65536K)
 Metaspace       used 169188K, committed 170816K, reserved 1245184K
  class space    used 23608K, committed 24320K, reserved 1048576K
}
Event: 65.191 GC heap before
{Heap before GC invocations=63 (full 0):
 garbage-first heap   total 917504K, used 711231K [0x0000000080000000, 0x0000000100000000)
  region size 32768K, 8 young (262144K), 2 survivors (65536K)
 Metaspace       used 169267K, committed 170880K, reserved 1245184K
  class space    used 23608K, committed 24320K, reserved 1048576K
}
Event: 65.206 GC heap after
{Heap after GC invocations=64 (full 0):
 garbage-first heap   total 917504K, used 516299K [0x0000000080000000, 0x0000000100000000)
  region size 32768K, 1 young (32768K), 1 survivors (32768K)
 Metaspace       used 169267K, committed 170880K, reserved 1245184K
  class space    used 23608K, committed 24320K, reserved 1048576K
}
Event: 66.111 GC heap before
{Heap before GC invocations=65 (full 0):
 garbage-first heap   total 950272K, used 745675K [0x0000000080000000, 0x0000000100000000)
  region size 32768K, 8 young (262144K), 1 survivors (32768K)
 Metaspace       used 169475K, committed 171072K, reserved 1245184K
  class space    used 23630K, committed 24320K, reserved 1048576K
}
Event: 66.121 GC heap after
{Heap after GC invocations=66 (full 0):
 garbage-first heap   total 950272K, used 523460K [0x0000000080000000, 0x0000000100000000)
  region size 32768K, 1 young (32768K), 1 survivors (32768K)
 Metaspace       used 169475K, committed 171072K, reserved 1245184K
  class space    used 23630K, committed 24320K, reserved 1048576K
}
Event: 66.930 GC heap before
{Heap before GC invocations=66 (full 0):
 garbage-first heap   total 950272K, used 752836K [0x0000000080000000, 0x0000000100000000)
  region size 32768K, 9 young (294912K), 1 survivors (32768K)
 Metaspace       used 169796K, committed 171328K, reserved 1245184K
  class space    used 23663K, committed 24320K, reserved 1048576K
}
Event: 66.952 GC heap after
{Heap after GC invocations=67 (full 0):
 garbage-first heap   total 950272K, used 513926K [0x0000000080000000, 0x0000000100000000)
  region size 32768K, 1 young (32768K), 1 survivors (32768K)
 Metaspace       used 169796K, committed 171328K, reserved 1245184K
  class space    used 23663K, committed 24320K, reserved 1048576K
}
Event: 67.810 GC heap before
{Heap before GC invocations=67 (full 0):
 garbage-first heap   total 950272K, used 776070K [0x0000000080000000, 0x0000000100000000)
  region size 32768K, 9 young (294912K), 1 survivors (32768K)
 Metaspace       used 169932K, committed 171456K, reserved 1245184K
  class space    used 23668K, committed 24320K, reserved 1048576K
}
Event: 67.822 GC heap after
{Heap after GC invocations=68 (full 0):
 garbage-first heap   total 950272K, used 518463K [0x0000000080000000, 0x0000000100000000)
  region size 32768K, 1 young (32768K), 1 survivors (32768K)
 Metaspace       used 169932K, committed 171456K, reserved 1245184K
  class space    used 23668K, committed 24320K, reserved 1048576K
}
Event: 68.669 GC heap before
{Heap before GC invocations=69 (full 0):
 garbage-first heap   total 950272K, used 780607K [0x0000000080000000, 0x0000000100000000)
  region size 32768K, 9 young (294912K), 1 survivors (32768K)
 Metaspace       used 170005K, committed 171520K, reserved 1245184K
  class space    used 23669K, committed 24320K, reserved 1048576K
}
Event: 68.683 GC heap after
{Heap after GC invocations=70 (full 0):
 garbage-first heap   total 950272K, used 528186K [0x0000000080000000, 0x0000000100000000)
  region size 32768K, 2 young (65536K), 2 survivors (65536K)
 Metaspace       used 170005K, committed 171520K, reserved 1245184K
  class space    used 23669K, committed 24320K, reserved 1048576K
}
Event: 69.325 GC heap before
{Heap before GC invocations=70 (full 0):
 garbage-first heap   total 950272K, used 724794K [0x0000000080000000, 0x0000000100000000)
  region size 32768K, 8 young (262144K), 2 survivors (65536K)
 Metaspace       used 170085K, committed 171584K, reserved 1245184K
  class space    used 23684K, committed 24320K, reserved 1048576K
}
Event: 69.348 GC heap after
{Heap after GC invocations=71 (full 0):
 garbage-first heap   total 950272K, used 519446K [0x0000000080000000, 0x0000000100000000)
  region size 32768K, 1 young (32768K), 1 survivors (32768K)
 Metaspace       used 170085K, committed 171584K, reserved 1245184K
  class space    used 23684K, committed 24320K, reserved 1048576K
}
Event: 70.246 GC heap before
{Heap before GC invocations=71 (full 0):
 garbage-first heap   total 950272K, used 748822K [0x0000000080000000, 0x0000000100000000)
  region size 32768K, 9 young (294912K), 1 survivors (32768K)
 Metaspace       used 170553K, committed 172096K, reserved 1245184K
  class space    used 23764K, committed 24448K, reserved 1048576K
}
Event: 71.168 GC heap after
{Heap after GC invocations=72 (full 1):
 garbage-first heap   total 950272K, used 455202K [0x0000000080000000, 0x0000000100000000)
  region size 32768K, 0 young (0K), 0 survivors (0K)
 Metaspace       used 170553K, committed 172096K, reserved 1245184K
  class space    used 23764K, committed 24448K, reserved 1048576K
}
Event: 71.212 GC heap before
{Heap before GC invocations=72 (full 1):
 garbage-first heap   total 950272K, used 455202K [0x0000000080000000, 0x0000000100000000)
  region size 32768K, 1 young (32768K), 0 survivors (0K)
 Metaspace       used 170612K, committed 172160K, reserved 1245184K
  class space    used 23771K, committed 24448K, reserved 1048576K
}

